#
# A fatal error has been detected by the Java Runtime Environment:
#
#  EXCEPTION_ACCESS_VIOLATION (0xc0000005) at pc=0x00007ffb26a924c2, pid=12988, tid=13868
#
# JRE version: OpenJDK Runtime Environment (17.0.11) (build 17.0.11+0--11852314)
# Java VM: OpenJDK 64-Bit Server VM (17.0.11+0--11852314, mixed mode, tiered, compressed oops, compressed class ptrs, g1 gc, windows-amd64)
# Problematic frame:
# V  [jvm.dll+0x2324c2]
#
# No core dump will be written. Minidumps are not enabled by default on client versions of Windows
#
# If you would like to submit a bug report, please visit:
#   https://bugreport.java.com/bugreport/crash.jsp
#

---------------  S U M M A R Y ------------

Command Line: --add-opens=java.base/java.util=ALL-UNNAMED --add-opens=java.base/java.lang=ALL-UNNAMED --add-opens=java.base/java.lang.invoke=ALL-UNNAMED --add-opens=java.prefs/java.util.prefs=ALL-UNNAMED --add-opens=java.base/java.nio.charset=ALL-UNNAMED --add-opens=java.base/java.net=ALL-UNNAMED --add-opens=java.base/java.util.concurrent.atomic=ALL-UNNAMED -Xmx2048m -Dfile.encoding=UTF-8 -Duser.country=BR -Duser.language=pt -Duser.variant -javaagent:C:\Users\Natan Paulo\.gradle\wrapper\dists\gradle-8.7-bin\bhs2wmbdwecv87pi65oeuq5iu\gradle-8.7\lib\agents\gradle-instrumentation-agent-8.7.jar org.gradle.launcher.daemon.bootstrap.GradleDaemon 8.7

Host: 12th Gen Intel(R) Core(TM) i5-1235U, 12 cores, 31G,  Windows 11 , 64 bit Build 22621 (10.0.22621.4391)
Time: Sun Nov 17 22:42:02 2024 Hora oficial do Brasil elapsed time: 3.024380 seconds (0d 0h 0m 3s)

---------------  T H R E A D  ---------------

Current thread (0x0000023c746b9c90):  JavaThread "Sweeper thread" daemon [_thread_in_vm, id=13868, stack(0x0000008d3d700000,0x0000008d3d800000)]

Stack: [0x0000008d3d700000,0x0000008d3d800000],  sp=0x0000008d3d7ff350,  free space=1020k
Native frames: (J=compiled Java code, j=interpreted, Vv=VM code, C=native code)
V  [jvm.dll+0x2324c2]
V  [jvm.dll+0x23224b]
V  [jvm.dll+0x7ab1fb]
V  [jvm.dll+0x7ab5d2]
V  [jvm.dll+0x7abd33]
V  [jvm.dll+0x7f5647]
V  [jvm.dll+0x7efa4a]
V  [jvm.dll+0x686a35]
C  [ucrtbase.dll+0x29333]
C  [KERNEL32.DLL+0x1259d]
C  [ntdll.dll+0x5af38]


siginfo: EXCEPTION_ACCESS_VIOLATION (0xc0000005), reading address 0x0000004000000000


Registers:
RAX=0x0000004000000000, RBX=0x0000004000000000, RCX=0x0000000000000000, RDX=0x0000000000000000
RSP=0x0000008d3d7ff350, RBP=0x0000008d3d7ff3f9, RSI=0x0000000000000000, RDI=0x0000000000000000
R8 =0x0000008d3d7ff301, R9 =0x0000000000000048, R10=0x00007ffb26860000, R11=0x0000000000000000
R12=0x0000000000000000, R13=0x0000000000000000, R14=0x0000023c5dbb5290, R15=0x0000023c7468b3c0
RIP=0x00007ffb26a924c2, EFLAGS=0x0000000000010206


Register to memory mapping:

RIP=0x00007ffb26a924c2 jvm.dll
RAX=0x0000004000000000 is an unknown value
RBX=0x0000004000000000 is an unknown value
RCX=0x0 is NULL
RDX=0x0 is NULL
RSP=0x0000008d3d7ff350 is pointing into the stack for thread: 0x0000023c746b9c90
RBP=0x0000008d3d7ff3f9 is pointing into the stack for thread: 0x0000023c746b9c90
RSI=0x0 is NULL
RDI=0x0 is NULL
R8 =0x0000008d3d7ff301 is pointing into the stack for thread: 0x0000023c746b9c90
R9 =0x0000000000000048 is an unknown value
R10=0x00007ffb26860000 jvm.dll
R11=0x0 is NULL
R12=0x0 is NULL
R13=0x0 is NULL
R14=0x0000023c5dbb5290 is at entry_point+-688 in (nmethod*)0x0000023c5dbb5290
Compiled method (c1)    3039 2213   !   3       org.gradle.internal.service.DefaultServiceRegistry$SingletonService::prepare (111 bytes)
 total in heap  [0x0000023c5dbb5290,0x0000023c5dbb65f0] = 4960
 relocation     [0x0000023c5dbb53e8,0x0000023c5dbb5530] = 328
 main code      [0x0000023c5dbb5540,0x0000023c5dbb6060] = 2848
 stub code      [0x0000023c5dbb6060,0x0000023c5dbb6128] = 200
 oops           [0x0000023c5dbb6128,0x0000023c5dbb6140] = 24
 metadata       [0x0000023c5dbb6140,0x0000023c5dbb6168] = 40
 scopes data    [0x0000023c5dbb6168,0x0000023c5dbb62a0] = 312
 scopes pcs     [0x0000023c5dbb62a0,0x0000023c5dbb6440] = 416
 dependencies   [0x0000023c5dbb6440,0x0000023c5dbb6450] = 16
 handler table  [0x0000023c5dbb6450,0x0000023c5dbb65e0] = 400
 nul chk table  [0x0000023c5dbb65e0,0x0000023c5dbb65f0] = 16
R15=0x0000023c7468b3c0 points into unknown readable memory: 0x0000023c00000002 | 02 00 00 00 3c 02 00 00


Top of Stack: (sp=0x0000008d3d7ff350)
0x0000008d3d7ff350:   00007ffb271a6fb0 0000000000000000
0x0000008d3d7ff360:   0000000000000000 0000000000000000
0x0000008d3d7ff370:   0000023c746baed0 0000023c746bb2a8
0x0000008d3d7ff380:   0000000000000000 0000023c5dbb54d8
0x0000008d3d7ff390:   0000023c5dbb5530 0000023c5dbb5290
0x0000008d3d7ff3a0:   0000023c5dbb6085 00000000000002e4
0x0000008d3d7ff3b0:   0000023c5dbb54d4 0000000000000000
0x0000008d3d7ff3c0:   0000023c5dbb5540 0000023c5dbb5540
0x0000008d3d7ff3d0:   0000023c5dbb6060 0000023c5dbb5540
0x0000008d3d7ff3e0:   0000023c5dbb6060 0000023c5dbb6128
0x0000008d3d7ff3f0:   00007ffb271a6fb0 0000008d3d7ff380
0x0000008d3d7ff400:   0000008d0000000c 0000000000000000
0x0000008d3d7ff410:   0000023c00000000 00000000000007d0
0x0000008d3d7ff420:   0000023c5dbb5290 0000000000000001
0x0000008d3d7ff430:   0000000000000000 0000000000000000
0x0000008d3d7ff440:   0000023c5dbb5290 0000000000000000
0x0000008d3d7ff450:   0000000000000000 00007ffb26a9224b
0x0000008d3d7ff460:   0000023c746baec0 00007ffb26a68b00
0x0000008d3d7ff470:   0000023c746b9c90 00000000000003d8
0x0000008d3d7ff480:   0000023c5dbb5290 0000023c58005000
0x0000008d3d7ff490:   0000000000000001 0000000000000000
0x0000008d3d7ff4a0:   0000000000001060 00007ffb2700b1fb
0x0000008d3d7ff4b0:   0000023c746b9c90 0000023c5dbb5290
0x0000008d3d7ff4c0:   0000023c5dbb5290 0000000000000001
0x0000008d3d7ff4d0:   0000023c5a287c00 00007ffb2700b5d2
0x0000008d3d7ff4e0:   0000000000001060 0000000000000001
0x0000008d3d7ff4f0:   0000000000000000 0000008d3d7ff5e0
0x0000008d3d7ff500:   0000000000000000 0000008d3d7ff510
0x0000008d3d7ff510:   0000094900000000 0000008d3d7ff510
0x0000008d3d7ff520:   0000023c745f10a0 00007ffb26eb7f63
0x0000008d3d7ff530:   0000023c745f1070 00007ffb26f49dc7
0x0000008d3d7ff540:   0000023c746b9c90 0000023c5a288080 

Instructions: (pc=0x00007ffb26a924c2)
0x00007ffb26a923c2:   75 07 48 8d 4d 87 e8 03 5a 4a 00 45 32 e4 48 8d
0x00007ffb26a923d2:   1d d9 4b 71 00 b9 00 f0 00 00 0f 1f 40 00 48 8b
0x00007ffb26a923e2:   45 8f 48 83 c0 02 48 89 45 8f 48 3b 45 97 0f 84
0x00007ffb26a923f2:   76 03 00 00 66 89 75 bf 0f b7 00 66 23 c1 66 3b
0x00007ffb26a92402:   c1 75 09 48 8d 4d 87 e8 d2 53 4a 00 48 8b 45 8f
0x00007ffb26a92412:   0f b7 10 48 8b 45 87 81 e2 ff 03 00 00 48 03 55
0x00007ffb26a92422:   a7 48 89 55 a7 48 85 c0 74 09 48 3b d0 0f 83 37
0x00007ffb26a92432:   03 00 00 48 8b 45 8f 0f b7 08 c1 e9 0c 83 e9 02
0x00007ffb26a92442:   0f 84 c4 01 00 00 83 e9 01 0f 84 7d 01 00 00 83
0x00007ffb26a92452:   e9 01 0f 84 c5 00 00 00 83 e9 01 0f 84 b4 00 00
0x00007ffb26a92462:   00 83 f9 07 b9 00 f0 00 00 0f 85 6f ff ff ff 45
0x00007ffb26a92472:   84 e4 0f 84 66 ff ff ff 49 8b 06 49 8b ce 45 32
0x00007ffb26a92482:   e4 ff 90 20 02 00 00 84 c0 0f 85 d2 02 00 00 48
0x00007ffb26a92492:   8d 45 87 c7 45 07 0c 00 00 00 48 8d 4d f7 48 89
0x00007ffb26a924a2:   45 ff 48 89 5d f7 e8 e3 6c 4a 00 48 8d 4d f7 e8
0x00007ffb26a924b2:   1a 5b 4a 00 48 8b d8 48 85 c0 0f 84 a1 02 00 00
0x00007ffb26a924c2:   48 8b 10 48 8b c8 ff 52 10 84 c0 0f 84 90 02 00
0x00007ffb26a924d2:   00 48 8b 43 08 48 8b 48 08 48 8b 49 18 48 8b 89
0x00007ffb26a924e2:   98 00 00 00 e8 95 52 fc ff 84 c0 0f 85 70 02 00
0x00007ffb26a924f2:   00 48 8d 4d f7 e8 b4 5a 4a 00 48 89 30 83 7d 0f
0x00007ffb26a92502:   00 0f 84 5a 02 00 00 48 8d 4d f7 e8 1e 57 4a 00
0x00007ffb26a92512:   e9 b9 fe ff ff 41 b4 01 e9 b8 fe ff ff 49 8b 1e
0x00007ffb26a92522:   48 8d 4d 87 e8 55 61 4a 00 48 8b d0 49 8b ce ff
0x00007ffb26a92532:   93 08 02 00 00 48 8b c8 48 8b f0 48 8b 10 ff 12
0x00007ffb26a92542:   48 8b c8 e8 56 3b fd ff 48 8b f8 48 85 c0 0f 84
0x00007ffb26a92552:   0b 02 00 00 48 8b 10 48 8b c8 ff 52 58 33 db 84
0x00007ffb26a92562:   c0 48 0f 45 df 48 85 db 0f 84 f1 01 00 00 45 84
0x00007ffb26a92572:   ed 75 31 48 8b 03 48 8b cb ff 90 c0 00 00 00 84
0x00007ffb26a92582:   c0 74 21 48 8b 03 48 8b cb ff 90 20 02 00 00 84
0x00007ffb26a92592:   c0 75 11 48 8b 43 70 48 8b 40 58 48 3b c3 0f 84
0x00007ffb26a925a2:   bb 01 00 00 49 8b 06 49 8b ce ff 90 20 02 00 00
0x00007ffb26a925b2:   84 c0 48 8b ce 0f 94 c2 e8 41 f0 ff ff 84 c0 74 


Stack slot to memory mapping:
stack at sp + 0 slots: 0x00007ffb271a6fb0 jvm.dll
stack at sp + 1 slots: 0x0 is NULL
stack at sp + 2 slots: 0x0 is NULL
stack at sp + 3 slots: 0x0 is NULL
stack at sp + 4 slots: 0x0000023c746baed0 points into unknown readable memory: 0x0000023c746baef0 | f0 ae 6b 74 3c 02 00 00
stack at sp + 5 slots: 0x0000023c746bb2a8 points into unknown readable memory: 0x10172a1388fb8029 | 29 80 fb 88 13 2a 17 10
stack at sp + 6 slots: 0x0 is NULL
stack at sp + 7 slots: 0x0000023c5dbb54d8 is at entry_point+-104 in (nmethod*)0x0000023c5dbb5290
Compiled method (c1)    3049 2213   !   3       org.gradle.internal.service.DefaultServiceRegistry$SingletonService::prepare (111 bytes)
 total in heap  [0x0000023c5dbb5290,0x0000023c5dbb65f0] = 4960
 relocation     [0x0000023c5dbb53e8,0x0000023c5dbb5530] = 328
 main code      [0x0000023c5dbb5540,0x0000023c5dbb6060] = 2848
 stub code      [0x0000023c5dbb6060,0x0000023c5dbb6128] = 200
 oops           [0x0000023c5dbb6128,0x0000023c5dbb6140] = 24
 metadata       [0x0000023c5dbb6140,0x0000023c5dbb6168] = 40
 scopes data    [0x0000023c5dbb6168,0x0000023c5dbb62a0] = 312
 scopes pcs     [0x0000023c5dbb62a0,0x0000023c5dbb6440] = 416
 dependencies   [0x0000023c5dbb6440,0x0000023c5dbb6450] = 16
 handler table  [0x0000023c5dbb6450,0x0000023c5dbb65e0] = 400
 nul chk table  [0x0000023c5dbb65e0,0x0000023c5dbb65f0] = 16


---------------  P R O C E S S  ---------------

Threads class SMR info:
_java_thread_list=0x0000023c7bce3470, length=34, elements={
0x0000023c5a28bb70, 0x0000023c7464a110, 0x0000023c7464aea0, 0x0000023c74690d40,
0x0000023c74691770, 0x0000023c746953b0, 0x0000023c74695d70, 0x0000023c74697680,
0x0000023c746b8550, 0x0000023c746b9c90, 0x0000023c747b3ad0, 0x0000023c74922590,
0x0000023c790b5a70, 0x0000023c7af01ad0, 0x0000023c79d3a840, 0x0000023c7a839350,
0x0000023c7a16f590, 0x0000023c7af1da20, 0x0000023c7b212440, 0x0000023c7a0f5cb0,
0x0000023c7a0f4d80, 0x0000023c7a0f2f20, 0x0000023c7a0f3e50, 0x0000023c7a0f2a10,
0x0000023c7a0f57a0, 0x0000023c7a0f3940, 0x0000023c7a0f4360, 0x0000023c7a0f4870,
0x0000023c7a0f5290, 0x0000023c7a0f3430, 0x0000023c7b2a8640, 0x0000023c7b2a53a0,
0x0000023c7b2a5dc0, 0x0000023c7b2a2610
}

Java Threads: ( => current thread )
  0x0000023c5a28bb70 JavaThread "main" [_thread_blocked, id=18276, stack(0x0000008d3c800000,0x0000008d3c900000)]
  0x0000023c7464a110 JavaThread "Reference Handler" daemon [_thread_blocked, id=13080, stack(0x0000008d3cf00000,0x0000008d3d000000)]
  0x0000023c7464aea0 JavaThread "Finalizer" daemon [_thread_blocked, id=3264, stack(0x0000008d3d000000,0x0000008d3d100000)]
  0x0000023c74690d40 JavaThread "Signal Dispatcher" daemon [_thread_blocked, id=16132, stack(0x0000008d3d100000,0x0000008d3d200000)]
  0x0000023c74691770 JavaThread "Attach Listener" daemon [_thread_blocked, id=7404, stack(0x0000008d3d200000,0x0000008d3d300000)]
  0x0000023c746953b0 JavaThread "Service Thread" daemon [_thread_blocked, id=9984, stack(0x0000008d3d300000,0x0000008d3d400000)]
  0x0000023c74695d70 JavaThread "Monitor Deflation Thread" daemon [_thread_blocked, id=18012, stack(0x0000008d3d400000,0x0000008d3d500000)]
  0x0000023c74697680 JavaThread "C2 CompilerThread0" daemon [_thread_in_native, id=17512, stack(0x0000008d3d500000,0x0000008d3d600000)]
  0x0000023c746b8550 JavaThread "C1 CompilerThread0" daemon [_thread_blocked, id=14692, stack(0x0000008d3d600000,0x0000008d3d700000)]
=>0x0000023c746b9c90 JavaThread "Sweeper thread" daemon [_thread_in_vm, id=13868, stack(0x0000008d3d700000,0x0000008d3d800000)]
  0x0000023c747b3ad0 JavaThread "Common-Cleaner" daemon [_thread_blocked, id=6656, stack(0x0000008d3d800000,0x0000008d3d900000)]
  0x0000023c74922590 JavaThread "Notification Thread" daemon [_thread_blocked, id=17100, stack(0x0000008d3d900000,0x0000008d3da00000)]
  0x0000023c790b5a70 JavaThread "C2 CompilerThread1" daemon [_thread_blocked, id=2852, stack(0x0000008d3db00000,0x0000008d3dc00000)]
  0x0000023c7af01ad0 JavaThread "C2 CompilerThread2" daemon [_thread_blocked, id=2176, stack(0x0000008d3dc00000,0x0000008d3dd00000)]
  0x0000023c79d3a840 JavaThread "Daemon health stats" [_thread_blocked, id=17584, stack(0x0000008d3e600000,0x0000008d3e700000)]
  0x0000023c7a839350 JavaThread "Incoming local TCP Connector on port 53649" [_thread_in_native, id=16776, stack(0x0000008d3e700000,0x0000008d3e800000)]
  0x0000023c7a16f590 JavaThread "Daemon periodic checks" [_thread_blocked, id=17788, stack(0x0000008d3e800000,0x0000008d3e900000)]
  0x0000023c7af1da20 JavaThread "Daemon" [_thread_blocked, id=5468, stack(0x0000008d3e900000,0x0000008d3ea00000)]
  0x0000023c7b212440 JavaThread "Handler for socket connection from /127.0.0.1:53649 to /127.0.0.1:53650" [_thread_in_native, id=6588, stack(0x0000008d3ea00000,0x0000008d3eb00000)]
  0x0000023c7a0f5cb0 JavaThread "Cancel handler" [_thread_blocked, id=14472, stack(0x0000008d3eb00000,0x0000008d3ec00000)]
  0x0000023c7a0f4d80 JavaThread "Daemon worker" [_thread_in_vm, id=18140, stack(0x0000008d3ec00000,0x0000008d3ed00000)]
  0x0000023c7a0f2f20 JavaThread "Asynchronous log dispatcher for DefaultDaemonConnection: socket connection from /127.0.0.1:53649 to /127.0.0.1:53650" [_thread_blocked, id=16396, stack(0x0000008d3ed00000,0x0000008d3ee00000)]
  0x0000023c7a0f3e50 JavaThread "Stdin handler" [_thread_blocked, id=16968, stack(0x0000008d3ee00000,0x0000008d3ef00000)]
  0x0000023c7a0f2a10 JavaThread "Daemon client event forwarder" [_thread_in_Java, id=12952, stack(0x0000008d3ef00000,0x0000008d3f000000)]
  0x0000023c7a0f57a0 JavaThread "Cache worker for journal cache (C:\Users\Natan Paulo\.gradle\caches\journal-1)" [_thread_blocked, id=12464, stack(0x0000008d3f200000,0x0000008d3f300000)]
  0x0000023c7a0f3940 JavaThread "File lock request listener" [_thread_in_native, id=17284, stack(0x0000008d3f300000,0x0000008d3f400000)]
  0x0000023c7a0f4360 JavaThread "Cache worker for file hash cache (C:\Users\Natan Paulo\.gradle\caches\8.7\fileHashes)" [_thread_blocked, id=16992, stack(0x0000008d3f400000,0x0000008d3f500000)]
  0x0000023c7a0f4870 JavaThread "Cache worker for file hash cache (C:\Users\Natan Paulo\Documents\Medicamentos\.gradle\8.7\fileHashes)" [_thread_blocked, id=13124, stack(0x0000008d3f500000,0x0000008d3f600000)]
  0x0000023c7a0f5290 JavaThread "File watcher server" daemon [_thread_in_native, id=13160, stack(0x0000008d3f600000,0x0000008d3f700000)]
  0x0000023c7a0f3430 JavaThread "File watcher consumer" daemon [_thread_blocked, id=17128, stack(0x0000008d3f700000,0x0000008d3f800000)]
  0x0000023c7b2a8640 JavaThread "Cache worker for checksums cache (C:\Users\Natan Paulo\Documents\Medicamentos\.gradle\8.7\checksums)" [_thread_blocked, id=15484, stack(0x0000008d3f800000,0x0000008d3f900000)]
  0x0000023c7b2a53a0 JavaThread "Cache worker for cache directory md-supplier (C:\Users\Natan Paulo\.gradle\caches\8.7\md-supplier)" [_thread_blocked, id=11368, stack(0x0000008d3f900000,0x0000008d3fa00000)]
  0x0000023c7b2a5dc0 JavaThread "Cache worker for cache directory md-rule (C:\Users\Natan Paulo\.gradle\caches\8.7\md-rule)" [_thread_blocked, id=3728, stack(0x0000008d3fa00000,0x0000008d3fb00000)]
  0x0000023c7b2a2610 JavaThread "Cache worker for file content cache (C:\Users\Natan Paulo\.gradle\caches\8.7\fileContent)" [_thread_blocked, id=16712, stack(0x0000008d3fb00000,0x0000008d3fc00000)]

Other Threads:
  0x0000023c746447c0 VMThread "VM Thread" [stack: 0x0000008d3ce00000,0x0000008d3cf00000] [id=17712]
  0x0000023c5a28c9f0 WatcherThread [stack: 0x0000008d3da00000,0x0000008d3db00000] [id=2180]
  0x0000023c5a2e6ce0 GCTaskThread "GC Thread#0" [stack: 0x0000008d3c900000,0x0000008d3ca00000] [id=9408]
  0x0000023c7925f440 GCTaskThread "GC Thread#1" [stack: 0x0000008d3dd00000,0x0000008d3de00000] [id=17404]
  0x0000023c7aa60820 GCTaskThread "GC Thread#2" [stack: 0x0000008d3de00000,0x0000008d3df00000] [id=12768]
  0x0000023c7a901be0 GCTaskThread "GC Thread#3" [stack: 0x0000008d3df00000,0x0000008d3e000000] [id=9552]
  0x0000023c7a5a30e0 GCTaskThread "GC Thread#4" [stack: 0x0000008d3e000000,0x0000008d3e100000] [id=17432]
  0x0000023c7a765ca0 GCTaskThread "GC Thread#5" [stack: 0x0000008d3e100000,0x0000008d3e200000] [id=15808]
  0x0000023c79b35270 GCTaskThread "GC Thread#6" [stack: 0x0000008d3e200000,0x0000008d3e300000] [id=18056]
  0x0000023c797fea60 GCTaskThread "GC Thread#7" [stack: 0x0000008d3e300000,0x0000008d3e400000] [id=3236]
  0x0000023c79b33320 GCTaskThread "GC Thread#8" [stack: 0x0000008d3e400000,0x0000008d3e500000] [id=14120]
  0x0000023c79b32da0 GCTaskThread "GC Thread#9" [stack: 0x0000008d3e500000,0x0000008d3e600000] [id=17120]
  0x0000023c5a2f7c30 ConcurrentGCThread "G1 Main Marker" [stack: 0x0000008d3ca00000,0x0000008d3cb00000] [id=17808]
  0x0000023c5a2f8650 ConcurrentGCThread "G1 Conc#0" [stack: 0x0000008d3cb00000,0x0000008d3cc00000] [id=15788]
  0x0000023c79b33b60 ConcurrentGCThread "G1 Conc#1" [stack: 0x0000008d3f000000,0x0000008d3f100000] [id=15996]
  0x0000023c79b32ae0 ConcurrentGCThread "G1 Conc#2" [stack: 0x0000008d3f100000,0x0000008d3f200000] [id=6764]
  0x0000023c5a33dae0 ConcurrentGCThread "G1 Refine#0" [stack: 0x0000008d3cc00000,0x0000008d3cd00000] [id=18244]
  0x0000023c5a33e510 ConcurrentGCThread "G1 Service" [stack: 0x0000008d3cd00000,0x0000008d3ce00000] [id=7820]

Threads with active compile tasks:
C2 CompilerThread0     3051 2897       4       org.objectweb.asm.Frame::execute (2318 bytes)

VM state: not at safepoint (normal execution)

VM Mutex/Monitor currently owned by a thread:  ([mutex/lock_event])
[0x0000023c5a287db0] CompiledIC_lock - owner thread: 0x0000023c746b9c90

Heap address: 0x0000000080000000, size: 2048 MB, Compressed Oops mode: 32-bit

CDS archive(s) not mapped
Compressed class space mapped at: 0x0000000100000000-0x0000000140000000, reserved size: 1073741824
Narrow klass base: 0x0000000000000000, Narrow klass shift: 3, Narrow klass range: 0x140000000

GC Precious Log:
 CPUs: 12 total, 12 available
 Memory: 32469M
 Large Page Support: Disabled
 NUMA Support: Disabled
 Compressed Oops: Enabled (32-bit)
 Heap Region Size: 1M
 Heap Min Capacity: 8M
 Heap Initial Capacity: 508M
 Heap Max Capacity: 2G
 Pre-touch: Disabled
 Parallel Workers: 10
 Concurrent Workers: 3
 Concurrent Refinement Workers: 10
 Periodic GC: Disabled

Heap:
 garbage-first heap   total 71680K, used 50518K [0x0000000080000000, 0x0000000100000000)
  region size 1024K, 30 young (30720K), 2 survivors (2048K)
 Metaspace       used 34000K, committed 34368K, reserved 1114112K
  class space    used 4627K, committed 4800K, reserved 1048576K

Heap Regions: E=young(eden), S=young(survivor), O=old, HS=humongous(starts), HC=humongous(continues), CS=collection set, F=free, OA=open archive, CA=closed archive, TAMS=top-at-mark-start (previous, next)
|   0|0x0000000080000000, 0x0000000080100000, 0x0000000080100000|100%|HS|  |TAMS 0x0000000080100000, 0x0000000080000000| Complete 
|   1|0x0000000080100000, 0x0000000080200000, 0x0000000080200000|100%|HC|  |TAMS 0x0000000080200000, 0x0000000080100000| Complete 
|   2|0x0000000080200000, 0x0000000080300000, 0x0000000080300000|100%|HC|  |TAMS 0x0000000080300000, 0x0000000080200000| Complete 
|   3|0x0000000080300000, 0x0000000080400000, 0x0000000080400000|100%|HC|  |TAMS 0x0000000080400000, 0x0000000080300000| Complete 
|   4|0x0000000080400000, 0x0000000080500000, 0x0000000080500000|100%| O|  |TAMS 0x0000000080500000, 0x0000000080400000| Untracked 
|   5|0x0000000080500000, 0x0000000080600000, 0x0000000080600000|100%| O|  |TAMS 0x0000000080600000, 0x0000000080500000| Untracked 
|   6|0x0000000080600000, 0x0000000080700000, 0x0000000080700000|100%| O|  |TAMS 0x0000000080700000, 0x0000000080600000| Untracked 
|   7|0x0000000080700000, 0x0000000080800000, 0x0000000080800000|100%| O|  |TAMS 0x0000000080800000, 0x0000000080700000| Untracked 
|   8|0x0000000080800000, 0x0000000080900000, 0x0000000080900000|100%| O|  |TAMS 0x0000000080900000, 0x0000000080800000| Untracked 
|   9|0x0000000080900000, 0x0000000080a00000, 0x0000000080a00000|100%| O|  |TAMS 0x0000000080a00000, 0x0000000080900000| Untracked 
|  10|0x0000000080a00000, 0x0000000080a00000, 0x0000000080b00000|  0%| F|  |TAMS 0x0000000080a00000, 0x0000000080a00000| Untracked 
|  11|0x0000000080b00000, 0x0000000080c00000, 0x0000000080c00000|100%| O|  |TAMS 0x0000000080b00000, 0x0000000080b00000| Untracked 
|  12|0x0000000080c00000, 0x0000000080d00000, 0x0000000080d00000|100%| O|  |TAMS 0x0000000080c00000, 0x0000000080c00000| Untracked 
|  13|0x0000000080d00000, 0x0000000080e00000, 0x0000000080e00000|100%| O|  |TAMS 0x0000000080d00000, 0x0000000080d00000| Untracked 
|  14|0x0000000080e00000, 0x0000000080f00000, 0x0000000080f00000|100%| O|  |TAMS 0x0000000080e00000, 0x0000000080e00000| Untracked 
|  15|0x0000000080f00000, 0x0000000081000000, 0x0000000081000000|100%| O|  |TAMS 0x0000000080f00000, 0x0000000080f00000| Untracked 
|  16|0x0000000081000000, 0x0000000081100000, 0x0000000081100000|100%| O|  |TAMS 0x0000000081000000, 0x0000000081000000| Untracked 
|  17|0x0000000081100000, 0x0000000081200000, 0x0000000081200000|100%| O|  |TAMS 0x0000000081100000, 0x0000000081100000| Untracked 
|  18|0x0000000081200000, 0x0000000081300000, 0x0000000081300000|100%| O|  |TAMS 0x0000000081200000, 0x0000000081200000| Untracked 
|  19|0x0000000081300000, 0x0000000081400000, 0x0000000081400000|100%| O|  |TAMS 0x0000000081300000, 0x0000000081300000| Untracked 
|  20|0x0000000081400000, 0x0000000081500000, 0x0000000081500000|100%| O|  |TAMS 0x0000000081400000, 0x0000000081400000| Untracked 
|  21|0x0000000081500000, 0x000000008155fa00, 0x0000000081600000| 37%| O|  |TAMS 0x0000000081500000, 0x0000000081500000| Untracked 
|  22|0x0000000081600000, 0x0000000081600000, 0x0000000081700000|  0%| F|  |TAMS 0x0000000081600000, 0x0000000081600000| Untracked 
|  23|0x0000000081700000, 0x0000000081700000, 0x0000000081800000|  0%| F|  |TAMS 0x0000000081700000, 0x0000000081700000| Untracked 
|  24|0x0000000081800000, 0x0000000081800000, 0x0000000081900000|  0%| F|  |TAMS 0x0000000081800000, 0x0000000081800000| Untracked 
|  25|0x0000000081900000, 0x0000000081900000, 0x0000000081a00000|  0%| F|  |TAMS 0x0000000081900000, 0x0000000081900000| Untracked 
|  26|0x0000000081a00000, 0x0000000081a00000, 0x0000000081b00000|  0%| F|  |TAMS 0x0000000081a00000, 0x0000000081a00000| Untracked 
|  27|0x0000000081b00000, 0x0000000081b00000, 0x0000000081c00000|  0%| F|  |TAMS 0x0000000081b00000, 0x0000000081b00000| Untracked 
|  28|0x0000000081c00000, 0x0000000081c00000, 0x0000000081d00000|  0%| F|  |TAMS 0x0000000081c00000, 0x0000000081c00000| Untracked 
|  29|0x0000000081d00000, 0x0000000081d00000, 0x0000000081e00000|  0%| F|  |TAMS 0x0000000081d00000, 0x0000000081d00000| Untracked 
|  30|0x0000000081e00000, 0x0000000081e00000, 0x0000000081f00000|  0%| F|  |TAMS 0x0000000081e00000, 0x0000000081e00000| Untracked 
|  31|0x0000000081f00000, 0x0000000081f00000, 0x0000000082000000|  0%| F|  |TAMS 0x0000000081f00000, 0x0000000081f00000| Untracked 
|  32|0x0000000082000000, 0x0000000082000000, 0x0000000082100000|  0%| F|  |TAMS 0x0000000082000000, 0x0000000082000000| Untracked 
|  33|0x0000000082100000, 0x0000000082100000, 0x0000000082200000|  0%| F|  |TAMS 0x0000000082100000, 0x0000000082100000| Untracked 
|  34|0x0000000082200000, 0x0000000082200000, 0x0000000082300000|  0%| F|  |TAMS 0x0000000082200000, 0x0000000082200000| Untracked 
|  35|0x0000000082300000, 0x0000000082300000, 0x0000000082400000|  0%| F|  |TAMS 0x0000000082300000, 0x0000000082300000| Untracked 
|  36|0x0000000082400000, 0x0000000082400000, 0x0000000082500000|  0%| F|  |TAMS 0x0000000082400000, 0x0000000082400000| Untracked 
|  37|0x0000000082500000, 0x0000000082500000, 0x0000000082600000|  0%| F|  |TAMS 0x0000000082500000, 0x0000000082500000| Untracked 
|  38|0x0000000082600000, 0x00000000826f6178, 0x0000000082700000| 96%| S|CS|TAMS 0x0000000082600000, 0x0000000082600000| Complete 
|  39|0x0000000082700000, 0x0000000082800000, 0x0000000082800000|100%| S|CS|TAMS 0x0000000082700000, 0x0000000082700000| Complete 
|  40|0x0000000082800000, 0x0000000082800000, 0x0000000082900000|  0%| F|  |TAMS 0x0000000082800000, 0x0000000082800000| Untracked 
|  41|0x0000000082900000, 0x0000000082900000, 0x0000000082a00000|  0%| F|  |TAMS 0x0000000082900000, 0x0000000082900000| Untracked 
|  42|0x0000000082a00000, 0x0000000082b00000, 0x0000000082b00000|100%| E|  |TAMS 0x0000000082a00000, 0x0000000082a00000| Complete 
|  43|0x0000000082b00000, 0x0000000082c00000, 0x0000000082c00000|100%| E|CS|TAMS 0x0000000082b00000, 0x0000000082b00000| Complete 
|  44|0x0000000082c00000, 0x0000000082d00000, 0x0000000082d00000|100%| E|CS|TAMS 0x0000000082c00000, 0x0000000082c00000| Complete 
|  45|0x0000000082d00000, 0x0000000082e00000, 0x0000000082e00000|100%| E|CS|TAMS 0x0000000082d00000, 0x0000000082d00000| Complete 
|  46|0x0000000082e00000, 0x0000000082f00000, 0x0000000082f00000|100%| E|CS|TAMS 0x0000000082e00000, 0x0000000082e00000| Complete 
|  47|0x0000000082f00000, 0x0000000083000000, 0x0000000083000000|100%| E|CS|TAMS 0x0000000082f00000, 0x0000000082f00000| Complete 
|  48|0x0000000083000000, 0x0000000083100000, 0x0000000083100000|100%| E|CS|TAMS 0x0000000083000000, 0x0000000083000000| Complete 
|  49|0x0000000083100000, 0x0000000083200000, 0x0000000083200000|100%| E|CS|TAMS 0x0000000083100000, 0x0000000083100000| Complete 
|  50|0x0000000083200000, 0x0000000083300000, 0x0000000083300000|100%| E|CS|TAMS 0x0000000083200000, 0x0000000083200000| Complete 
|  51|0x0000000083300000, 0x0000000083400000, 0x0000000083400000|100%| E|CS|TAMS 0x0000000083300000, 0x0000000083300000| Complete 
|  52|0x0000000083400000, 0x0000000083500000, 0x0000000083500000|100%| E|CS|TAMS 0x0000000083400000, 0x0000000083400000| Complete 
|  53|0x0000000083500000, 0x0000000083600000, 0x0000000083600000|100%| E|CS|TAMS 0x0000000083500000, 0x0000000083500000| Complete 
|  54|0x0000000083600000, 0x0000000083700000, 0x0000000083700000|100%| E|CS|TAMS 0x0000000083600000, 0x0000000083600000| Complete 
|  55|0x0000000083700000, 0x0000000083800000, 0x0000000083800000|100%| E|CS|TAMS 0x0000000083700000, 0x0000000083700000| Complete 
|  56|0x0000000083800000, 0x0000000083900000, 0x0000000083900000|100%| E|CS|TAMS 0x0000000083800000, 0x0000000083800000| Complete 
|  57|0x0000000083900000, 0x0000000083a00000, 0x0000000083a00000|100%| E|CS|TAMS 0x0000000083900000, 0x0000000083900000| Complete 
|  58|0x0000000083a00000, 0x0000000083b00000, 0x0000000083b00000|100%| E|CS|TAMS 0x0000000083a00000, 0x0000000083a00000| Complete 
|  59|0x0000000083b00000, 0x0000000083c00000, 0x0000000083c00000|100%| E|CS|TAMS 0x0000000083b00000, 0x0000000083b00000| Complete 
| 450|0x000000009c200000, 0x000000009c300000, 0x000000009c300000|100%| E|CS|TAMS 0x000000009c200000, 0x000000009c200000| Complete 
| 451|0x000000009c300000, 0x000000009c400000, 0x000000009c400000|100%| E|CS|TAMS 0x000000009c300000, 0x000000009c300000| Complete 
| 452|0x000000009c400000, 0x000000009c500000, 0x000000009c500000|100%| E|CS|TAMS 0x000000009c400000, 0x000000009c400000| Complete 
| 453|0x000000009c500000, 0x000000009c600000, 0x000000009c600000|100%| E|CS|TAMS 0x000000009c500000, 0x000000009c500000| Complete 
| 454|0x000000009c600000, 0x000000009c700000, 0x000000009c700000|100%| E|CS|TAMS 0x000000009c600000, 0x000000009c600000| Complete 
| 455|0x000000009c700000, 0x000000009c800000, 0x000000009c800000|100%| E|CS|TAMS 0x000000009c700000, 0x000000009c700000| Complete 
| 456|0x000000009c800000, 0x000000009c900000, 0x000000009c900000|100%| E|CS|TAMS 0x000000009c800000, 0x000000009c800000| Complete 
| 457|0x000000009c900000, 0x000000009ca00000, 0x000000009ca00000|100%| E|CS|TAMS 0x000000009c900000, 0x000000009c900000| Complete 
| 458|0x000000009ca00000, 0x000000009cb00000, 0x000000009cb00000|100%| E|CS|TAMS 0x000000009ca00000, 0x000000009ca00000| Complete 
| 507|0x000000009fb00000, 0x000000009fc00000, 0x000000009fc00000|100%| E|CS|TAMS 0x000000009fb00000, 0x000000009fb00000| Complete 

Card table byte_map: [0x0000023c6d0b0000,0x0000023c6d4b0000] _byte_map_base: 0x0000023c6ccb0000

Marking Bits (Prev, Next): (CMBitMap*) 0x0000023c5a2e7340, (CMBitMap*) 0x0000023c5a2e7300
 Prev Bits: [0x0000023c6f8b0000, 0x0000023c718b0000)
 Next Bits: [0x0000023c6d8b0000, 0x0000023c6f8b0000)

Polling page: 0x0000023c58200000

Metaspace:

Usage:
  Non-class:     28.68 MB used.
      Class:      4.52 MB used.
       Both:     33.20 MB used.

Virtual space:
  Non-class space:       64.00 MB reserved,      28.88 MB ( 45%) committed,  1 nodes.
      Class space:        1.00 GB reserved,       4.69 MB ( <1%) committed,  1 nodes.
             Both:        1.06 GB reserved,      33.56 MB (  3%) committed. 

Chunk freelists:
   Non-Class:  2.39 MB
       Class:  11.20 MB
        Both:  13.59 MB

MaxMetaspaceSize: unlimited
CompressedClassSpaceSize: 1.00 GB
Initial GC threshold: 21.00 MB
Current GC threshold: 35.12 MB
CDS: off
MetaspaceReclaimPolicy: balanced
 - commit_granule_bytes: 65536.
 - commit_granule_words: 8192.
 - virtual_space_node_default_size: 8388608.
 - enlarge_chunks_in_place: 1.
 - new_chunks_are_fully_committed: 0.
 - uncommit_free_chunks: 1.
 - use_allocation_guard: 0.
 - handle_deallocations: 1.


Internal statistics:

num_allocs_failed_limit: 3.
num_arena_births: 268.
num_arena_deaths: 0.
num_vsnodes_births: 2.
num_vsnodes_deaths: 0.
num_space_committed: 537.
num_space_uncommitted: 0.
num_chunks_returned_to_freelist: 3.
num_chunks_taken_from_freelist: 1211.
num_chunk_merges: 3.
num_chunk_splits: 790.
num_chunks_enlarged: 566.
num_inconsistent_stats: 0.

CodeHeap 'non-profiled nmethods': size=120000Kb used=1821Kb max_used=1821Kb free=118179Kb
 bounds [0x0000023c65230000, 0x0000023c654a0000, 0x0000023c6c760000]
CodeHeap 'profiled nmethods': size=120000Kb used=6081Kb max_used=6081Kb free=113919Kb
 bounds [0x0000023c5d760000, 0x0000023c5dd60000, 0x0000023c64c90000]
CodeHeap 'non-nmethods': size=5760Kb used=1240Kb max_used=1288Kb free=4519Kb
 bounds [0x0000023c64c90000, 0x0000023c64f00000, 0x0000023c65230000]
 total_blobs=3481 nmethods=2931 adapters=462
 compilation: enabled
              stopped_count=0, restarted_count=0
 full_count=0

Compilation events (20 events):
Event: 2.978 Thread 0x0000023c746b8550 2920       3       java.lang.invoke.BootstrapMethodInvoker::widenAndCast (47 bytes)
Event: 2.979 Thread 0x0000023c746b8550 nmethod 2920 0x0000023c5dd49c10 code [0x0000023c5dd49e80, 0x0000023c5dd4a7f8]
Event: 2.980 Thread 0x0000023c746b8550 2921       3       java.lang.Class::privateGetDeclaredFields (64 bytes)
Event: 2.980 Thread 0x0000023c746b8550 nmethod 2921 0x0000023c5dd4ab10 code [0x0000023c5dd4ad40, 0x0000023c5dd4b518]
Event: 2.981 Thread 0x0000023c746b8550 2922       3       org.gradle.model.internal.asm.ClassVisitorScope::publicMethod (9 bytes)
Event: 2.981 Thread 0x0000023c746b8550 nmethod 2922 0x0000023c5dd4b790 code [0x0000023c5dd4b940, 0x0000023c5dd4bb08]
Event: 2.981 Thread 0x0000023c746b8550 2923       3       org.objectweb.asm.MethodVisitor::visitJumpInsn (17 bytes)
Event: 2.982 Thread 0x0000023c746b8550 nmethod 2923 0x0000023c5dd4bc10 code [0x0000023c5dd4bdc0, 0x0000023c5dd4bfc8]
Event: 2.982 Thread 0x0000023c746b8550 2924       3       org.objectweb.asm.MethodWriter::visitJumpInsn (495 bytes)
Event: 2.984 Thread 0x0000023c790b5a70 nmethod 2888 0x0000023c653ea510 code [0x0000023c653ea7e0, 0x0000023c653ebb40]
Event: 2.984 Thread 0x0000023c746b8550 nmethod 2924 0x0000023c5dd4c090 code [0x0000023c5dd4c3c0, 0x0000023c5dd4d428]
Event: 2.984 Thread 0x0000023c746b8550 2925       3       org.objectweb.asm.Label::put (83 bytes)
Event: 2.985 Thread 0x0000023c746b8550 nmethod 2925 0x0000023c5dd4da90 code [0x0000023c5dd4dca0, 0x0000023c5dd4e0d8]
Event: 2.985 Thread 0x0000023c746b8550 2926       3       org.objectweb.asm.Label::addForwardReference (102 bytes)
Event: 2.985 Thread 0x0000023c746b8550 nmethod 2926 0x0000023c5dd4e290 code [0x0000023c5dd4e460, 0x0000023c5dd4e968]
Event: 2.985 Thread 0x0000023c746b8550 2927       3       org.objectweb.asm.MethodVisitor::visitLabel (16 bytes)
Event: 2.985 Thread 0x0000023c746b8550 nmethod 2927 0x0000023c5dd4eb90 code [0x0000023c5dd4ed40, 0x0000023c5dd4ef48]
Event: 2.987 Thread 0x0000023c746b8550 2928       1       org.gradle.internal.instantiation.generator.AbstractClassGenerator$PropertyMetadata::access$600 (5 bytes)
Event: 2.987 Thread 0x0000023c746b8550 nmethod 2928 0x0000023c653eca10 code [0x0000023c653ecba0, 0x0000023c653ecc58]
Event: 2.987 Thread 0x0000023c746b8550 2929       3       org.gradle.internal.instantiation.generator.AsmBackedClassGenerator$ClassBuilderImpl$LocalMethodVisitorScope::<init> (11 bytes)

GC Heap History (12 events):
Event: 0.572 GC heap before
{Heap before GC invocations=0 (full 0):
 garbage-first heap   total 520192K, used 28672K [0x0000000080000000, 0x0000000100000000)
  region size 1024K, 25 young (25600K), 0 survivors (0K)
 Metaspace       used 10568K, committed 10752K, reserved 1114112K
  class space    used 1099K, committed 1152K, reserved 1048576K
}
Event: 0.576 GC heap after
{Heap after GC invocations=1 (full 0):
 garbage-first heap   total 520192K, used 10910K [0x0000000080000000, 0x0000000100000000)
  region size 1024K, 4 young (4096K), 4 survivors (4096K)
 Metaspace       used 10568K, committed 10752K, reserved 1114112K
  class space    used 1099K, committed 1152K, reserved 1048576K
}
Event: 0.859 GC heap before
{Heap before GC invocations=1 (full 0):
 garbage-first heap   total 520192K, used 41630K [0x0000000080000000, 0x0000000100000000)
  region size 1024K, 34 young (34816K), 4 survivors (4096K)
 Metaspace       used 11477K, committed 11648K, reserved 1114112K
  class space    used 1198K, committed 1280K, reserved 1048576K
}
Event: 0.862 GC heap after
{Heap after GC invocations=2 (full 0):
 garbage-first heap   total 520192K, used 11201K [0x0000000080000000, 0x0000000100000000)
  region size 1024K, 1 young (1024K), 1 survivors (1024K)
 Metaspace       used 11477K, committed 11648K, reserved 1114112K
  class space    used 1198K, committed 1280K, reserved 1048576K
}
Event: 1.622 GC heap before
{Heap before GC invocations=2 (full 0):
 garbage-first heap   total 520192K, used 60353K [0x0000000080000000, 0x0000000100000000)
  region size 1024K, 49 young (50176K), 1 survivors (1024K)
 Metaspace       used 21239K, committed 21504K, reserved 1114112K
  class space    used 2489K, committed 2624K, reserved 1048576K
}
Event: 1.626 GC heap after
{Heap after GC invocations=3 (full 0):
 garbage-first heap   total 520192K, used 19193K [0x0000000080000000, 0x0000000100000000)
  region size 1024K, 9 young (9216K), 9 survivors (9216K)
 Metaspace       used 21239K, committed 21504K, reserved 1114112K
  class space    used 2489K, committed 2624K, reserved 1048576K
}
Event: 2.019 GC heap before
{Heap before GC invocations=4 (full 0):
 garbage-first heap   total 71680K, used 52985K [0x0000000080000000, 0x0000000100000000)
  region size 1024K, 42 young (43008K), 9 survivors (9216K)
 Metaspace       used 26297K, committed 26560K, reserved 1114112K
  class space    used 3347K, committed 3456K, reserved 1048576K
}
Event: 2.023 GC heap after
{Heap after GC invocations=5 (full 0):
 garbage-first heap   total 71680K, used 21037K [0x0000000080000000, 0x0000000100000000)
  region size 1024K, 2 young (2048K), 2 survivors (2048K)
 Metaspace       used 26297K, committed 26560K, reserved 1114112K
  class space    used 3347K, committed 3456K, reserved 1048576K
}
Event: 2.035 GC heap before
{Heap before GC invocations=5 (full 0):
 garbage-first heap   total 71680K, used 22061K [0x0000000080000000, 0x0000000100000000)
  region size 1024K, 3 young (3072K), 2 survivors (2048K)
 Metaspace       used 26425K, committed 26752K, reserved 1114112K
  class space    used 3371K, committed 3520K, reserved 1048576K
}
Event: 2.037 GC heap after
{Heap after GC invocations=6 (full 0):
 garbage-first heap   total 71680K, used 21360K [0x0000000080000000, 0x0000000100000000)
  region size 1024K, 1 young (1024K), 1 survivors (1024K)
 Metaspace       used 26425K, committed 26752K, reserved 1114112K
  class space    used 3371K, committed 3520K, reserved 1048576K
}
Event: 2.507 GC heap before
{Heap before GC invocations=6 (full 0):
 garbage-first heap   total 71680K, used 51056K [0x0000000080000000, 0x0000000100000000)
  region size 1024K, 30 young (30720K), 1 survivors (1024K)
 Metaspace       used 30416K, committed 30784K, reserved 1114112K
  class space    used 4039K, committed 4224K, reserved 1048576K
}
Event: 2.510 GC heap after
{Heap after GC invocations=7 (full 0):
 garbage-first heap   total 71680K, used 22870K [0x0000000080000000, 0x0000000100000000)
  region size 1024K, 2 young (2048K), 2 survivors (2048K)
 Metaspace       used 30416K, committed 30784K, reserved 1114112K
  class space    used 4039K, committed 4224K, reserved 1048576K
}

Dll operation events (3 events):
Event: 0.010 Loaded shared library C:\Program Files\Android\Android Studio2\jbr\bin\java.dll
Event: 0.150 Loaded shared library C:\Program Files\Android\Android Studio2\jbr\bin\zip.dll
Event: 0.395 Loaded shared library C:\Program Files\Android\Android Studio2\jbr\bin\verify.dll

Deoptimization events (20 events):
Event: 2.229 Thread 0x0000023c7a0f4d80 Uncommon trap: trap_request=0xffffff45 fr.pc=0x0000023c6534f7f0 relative=0x00000000000003b0
Event: 2.229 Thread 0x0000023c7a0f4d80 Uncommon trap: reason=unstable_if action=reinterpret pc=0x0000023c6534f7f0 method=java.util.HashMap.getNode(Ljava/lang/Object;)Ljava/util/HashMap$Node; @ 131 c2
Event: 2.229 Thread 0x0000023c7a0f4d80 DEOPT PACKING pc=0x0000023c6534f7f0 sp=0x0000008d3ecfaa00
Event: 2.229 Thread 0x0000023c7a0f4d80 DEOPT UNPACKING pc=0x0000023c64ce69a3 sp=0x0000008d3ecfa920 mode 2
Event: 2.318 Thread 0x0000023c7a0f4d80 Uncommon trap: trap_request=0xffffff6e fr.pc=0x0000023c652eaf64 relative=0x00000000000003c4
Event: 2.318 Thread 0x0000023c7a0f4d80 Uncommon trap: reason=loop_limit_check action=maybe_recompile pc=0x0000023c652eaf64 method=java.lang.StringLatin1.indexOf([BI[BII)I @ 37 c2
Event: 2.318 Thread 0x0000023c7a0f4d80 DEOPT PACKING pc=0x0000023c652eaf64 sp=0x0000008d3ecf8120
Event: 2.318 Thread 0x0000023c7a0f4d80 DEOPT UNPACKING pc=0x0000023c64ce69a3 sp=0x0000008d3ecf8080 mode 2
Event: 2.538 Thread 0x0000023c7a0f4d80 Uncommon trap: trap_request=0xffffff76 fr.pc=0x0000023c653ae774 relative=0x0000000000000154
Event: 2.538 Thread 0x0000023c7a0f4d80 Uncommon trap: reason=predicate action=maybe_recompile pc=0x0000023c653ae774 method=com.google.common.base.CharMatcher.indexIn(Ljava/lang/CharSequence;I)I @ 19 c2
Event: 2.538 Thread 0x0000023c7a0f4d80 DEOPT PACKING pc=0x0000023c653ae774 sp=0x0000008d3ecfa170
Event: 2.538 Thread 0x0000023c7a0f4d80 DEOPT UNPACKING pc=0x0000023c64ce69a3 sp=0x0000008d3ecfa100 mode 2
Event: 2.627 Thread 0x0000023c7a0f4d80 Uncommon trap: trap_request=0xffffff45 fr.pc=0x0000023c652ee254 relative=0x00000000000005b4
Event: 2.627 Thread 0x0000023c7a0f4d80 Uncommon trap: reason=unstable_if action=reinterpret pc=0x0000023c652ee254 method=java.util.Properties$LineReader.readLine()I @ 95 c2
Event: 2.627 Thread 0x0000023c7a0f4d80 DEOPT PACKING pc=0x0000023c652ee254 sp=0x0000008d3ecfaf90
Event: 2.627 Thread 0x0000023c7a0f4d80 DEOPT UNPACKING pc=0x0000023c64ce69a3 sp=0x0000008d3ecfaf40 mode 2
Event: 2.820 Thread 0x0000023c7a0f4d80 Uncommon trap: trap_request=0xffffff45 fr.pc=0x0000023c6529b678 relative=0x00000000000005b8
Event: 2.820 Thread 0x0000023c7a0f4d80 Uncommon trap: reason=unstable_if action=reinterpret pc=0x0000023c6529b678 method=java.util.HashMap.hash(Ljava/lang/Object;)I @ 1 c2
Event: 2.820 Thread 0x0000023c7a0f4d80 DEOPT PACKING pc=0x0000023c6529b678 sp=0x0000008d3ecf63f0
Event: 2.820 Thread 0x0000023c7a0f4d80 DEOPT UNPACKING pc=0x0000023c64ce69a3 sp=0x0000008d3ecf6298 mode 2

Classes unloaded (0 events):
No events

Classes redefined (0 events):
No events

Internal exceptions (20 events):
Event: 1.878 Thread 0x0000023c7a0f4d80 Exception <a 'java/lang/NoSuchMethodError'{0x00000000828ce248}: 'java.lang.Object java.lang.invoke.Invokers$Holder.invokeExact_MT(java.lang.Object, java.lang.Object, java.lang.Object, java.lang.Object, java.lang.Object, java.lang.Object)'> (0x00000000828ce248) 
thrown [s\src\hotspot\share\interpreter\linkResolver.cpp, line 771]
Event: 1.905 Thread 0x0000023c7a0f4d80 Exception <a 'java/lang/IncompatibleClassChangeError'{0x00000000825bd568}: Found class java.lang.Object, but interface was expected> (0x00000000825bd568) 
thrown [s\src\hotspot\share\interpreter\linkResolver.cpp, line 838]
Event: 2.219 Thread 0x0000023c7a0f4d80 Exception <a 'java/lang/NoSuchMethodError'{0x00000000839a8380}: 'java.lang.Object java.lang.invoke.DirectMethodHandle$Holder.invokeVirtual(java.lang.Object, java.lang.Object, java.lang.Object, java.lang.Object)'> (0x00000000839a8380) 
thrown [s\src\hotspot\share\interpreter\linkResolver.cpp, line 771]
Event: 2.237 Thread 0x0000023c7a0f4d80 Exception <a 'java/lang/NoSuchMethodError'{0x00000000838f5620}: 'java.lang.Object java.lang.invoke.DirectMethodHandle$Holder.newInvokeSpecial(java.lang.Object, java.lang.Object, java.lang.Object, java.lang.Object, java.lang.Object, java.lang.Object, java.lang.Object)'> (0x00000000838f5620) 
thrown [s\src\hotspot\share\interpreter\linkResolver.cpp, line 771]
Event: 2.237 Thread 0x0000023c7a0f4d80 Exception <a 'java/lang/NoSuchMethodError'{0x00000000838fa2f0}: 'java.lang.Object java.lang.invoke.Invokers$Holder.linkToTargetMethod(java.lang.Object, java.lang.Object, java.lang.Object, java.lang.Object, java.lang.Object, java.lang.Object, java.lang.Object)'> (0x00000000838fa2f0) 
thrown [s\src\hotspot\share\interpreter\linkResolver.cpp, line 771]
Event: 2.361 Thread 0x0000023c7a0f4d80 Exception <a 'java/lang/NoSuchMethodError'{0x0000000082ee06f8}: 'java.lang.Object java.lang.invoke.DirectMethodHandle$Holder.invokeStaticInit(java.lang.Object, java.lang.Object, java.lang.Object, java.lang.Object)'> (0x0000000082ee06f8) 
thrown [s\src\hotspot\share\interpreter\linkResolver.cpp, line 771]
Event: 2.373 Thread 0x0000023c7a0f4d80 Exception <a 'java/lang/NoSuchMethodError'{0x0000000082dcfa70}: 'java.lang.Object java.lang.invoke.DirectMethodHandle$Holder.newInvokeSpecial(java.lang.Object, java.lang.Object, java.lang.Object, java.lang.Object, java.lang.Object, java.lang.Object, java.lang.Object, java.lang.Object)'> (0x0000000082dcfa70) 
thrown [s\src\hotspot\share\interpreter\linkResolver.cpp, line 771]
Event: 2.373 Thread 0x0000023c7a0f4d80 Exception <a 'java/lang/NoSuchMethodError'{0x0000000082dd5478}: 'java.lang.Object java.lang.invoke.DirectMethodHandle$Holder.invokeSpecial(java.lang.Object, java.lang.Object, java.lang.Object, java.lang.Object, java.lang.Object, java.lang.Object, java.lang.Object, java.lang.Object, java.lang.Object)'> (0x0000000082dd5478) 
thrown [s\src\hotspot\share\interpreter\linkResolver.cpp, line 771]
Event: 2.373 Thread 0x0000023c7a0f4d80 Exception <a 'java/lang/NoSuchMethodError'{0x0000000082dda828}: 'java.lang.Object java.lang.invoke.Invokers$Holder.linkToTargetMethod(java.lang.Object, java.lang.Object, java.lang.Object, java.lang.Object, java.lang.Object, java.lang.Object, java.lang.Object, java.lang.Object)'> (0x0000000082dda828) 
thrown [s\src\hotspot\share\interpreter\linkResolver.cpp, line 771]
Event: 2.376 Thread 0x0000023c7a0f4d80 Exception <a 'java/lang/NoSuchMethodError'{0x0000000082c24338}: 'void java.lang.invoke.DirectMethodHandle$Holder.invokeStatic(java.lang.Object, java.lang.Object, java.lang.Object, java.lang.Object)'> (0x0000000082c24338) 
thrown [s\src\hotspot\share\interpreter\linkResolver.cpp, line 771]
Event: 2.611 Thread 0x0000023c7a0f4d80 Exception <a 'java/lang/NoSuchMethodError'{0x000000009c965608}: 'int java.lang.invoke.DirectMethodHandle$Holder.invokeVirtual(java.lang.Object, java.lang.Object)'> (0x000000009c965608) 
thrown [s\src\hotspot\share\interpreter\linkResolver.cpp, line 771]
Event: 2.612 Thread 0x0000023c7a0f4d80 Exception <a 'java/lang/NoSuchMethodError'{0x000000009c977ba8}: 'java.lang.Object java.lang.invoke.DirectMethodHandle$Holder.invokeStaticInit(java.lang.Object, java.lang.Object, java.lang.Object)'> (0x000000009c977ba8) 
thrown [s\src\hotspot\share\interpreter\linkResolver.cpp, line 771]
Event: 2.725 Thread 0x0000023c7a0f4d80 Exception <a 'java/lang/NoSuchMethodError'{0x0000000083a6a690}: 'java.lang.Object java.lang.invoke.DirectMethodHandle$Holder.invokeSpecialIFC(java.lang.Object, java.lang.Object, java.lang.Object, java.lang.Object)'> (0x0000000083a6a690) 
thrown [s\src\hotspot\share\interpreter\linkResolver.cpp, line 771]
Event: 2.738 Thread 0x0000023c7a0f4d80 Exception <a 'java/lang/NoSuchMethodError'{0x000000008390c260}: 'java.lang.Object java.lang.invoke.DirectMethodHandle$Holder.newInvokeSpecial(java.lang.Object, java.lang.Object, java.lang.Object, java.lang.Object, java.lang.Object, java.lang.Object, java.lang.Object, java.lang.Object, java.lang.Object, java.lang.Object)'> (0x000000008390c260) 
thrown [s\src\hotspot\share\interpreter\linkResolver.cpp, line 771]
Event: 2.738 Thread 0x0000023c7a0f4d80 Exception <a 'java/lang/NoSuchMethodError'{0x0000000083911148}: 'java.lang.Object java.lang.invoke.Invokers$Holder.linkToTargetMethod(java.lang.Object, java.lang.Object, java.lang.Object, java.lang.Object, java.lang.Object, java.lang.Object, java.lang.Object, java.lang.Object, java.lang.Object, java.lang.Object)'> (0x0000000083911148) 
thrown [s\src\hotspot\share\interpreter\linkResolver.cpp, line 771]
Event: 2.744 Thread 0x0000023c7a0f4d80 Exception <a 'java/lang/NoSuchMethodError'{0x0000000083988b98}: 'java.lang.Object java.lang.invoke.DirectMethodHandle$Holder.newInvokeSpecial(java.lang.Object, java.lang.Object, java.lang.Object, java.lang.Object, java.lang.Object, java.lang.Object, java.lang.Object, java.lang.Object, java.lang.Object, java.lang.Object, java.lang.Object)'> (0x0000000083988b98) 
thrown [s\src\hotspot\share\interpreter\linkResolver.cpp, line 771]
Event: 2.745 Thread 0x0000023c7a0f4d80 Exception <a 'java/lang/NoSuchMethodError'{0x000000008398e6d0}: 'java.lang.Object java.lang.invoke.DirectMethodHandle$Holder.invokeSpecial(java.lang.Object, java.lang.Object, java.lang.Object, java.lang.Object, java.lang.Object, java.lang.Object, java.lang.Object, java.lang.Object, java.lang.Object, java.lang.Object, java.lang.Object, java.lang.Object)'> (0x000000008398e6d0) 
thrown [s\src\hotspot\share\interpreter\linkResolver.cpp, line 771]
Event: 2.745 Thread 0x0000023c7a0f4d80 Exception <a 'java/lang/NoSuchMethodError'{0x0000000083993d68}: 'java.lang.Object java.lang.invoke.Invokers$Holder.linkToTargetMethod(java.lang.Object, java.lang.Object, java.lang.Object, java.lang.Object, java.lang.Object, java.lang.Object, java.lang.Object, java.lang.Object, java.lang.Object, java.lang.Object, java.lang.Object)'> (0x0000000083993d68) 
thrown [s\src\hotspot\share\interpreter\linkResolver.cpp, line 771]
Event: 2.820 Thread 0x0000023c7a0f4d80 Implicit null exception at 0x0000023c6529b10f to 0x0000023c6529b658
Event: 2.859 Thread 0x0000023c7a0f4d80 Exception <a 'java/lang/NoSuchMethodError'{0x00000000831db1c0}: 'java.lang.Object java.lang.invoke.DirectMethodHandle$Holder.newInvokeSpecial(java.lang.Object, java.lang.Object, int, int)'> (0x00000000831db1c0) 
thrown [s\src\hotspot\share\interpreter\linkResolver.cpp, line 771]

VM Operations (20 events):
Event: 1.630 Executing VM operation: G1PauseCleanup
Event: 1.630 Executing VM operation: G1PauseCleanup done
Event: 1.679 Executing VM operation: HandshakeAllThreads
Event: 1.679 Executing VM operation: HandshakeAllThreads done
Event: 1.898 Executing VM operation: HandshakeAllThreads
Event: 1.898 Executing VM operation: HandshakeAllThreads done
Event: 1.899 Executing VM operation: HandshakeAllThreads
Event: 1.899 Executing VM operation: HandshakeAllThreads done
Event: 2.018 Executing VM operation: G1CollectForAllocation
Event: 2.023 Executing VM operation: G1CollectForAllocation done
Event: 2.035 Executing VM operation: G1CollectForAllocation
Event: 2.037 Executing VM operation: G1CollectForAllocation done
Event: 2.507 Executing VM operation: G1CollectForAllocation
Event: 2.510 Executing VM operation: G1CollectForAllocation done
Event: 2.629 Executing VM operation: HandshakeAllThreads
Event: 2.629 Executing VM operation: HandshakeAllThreads done
Event: 2.822 Executing VM operation: HandshakeAllThreads
Event: 2.822 Executing VM operation: HandshakeAllThreads done
Event: 2.984 Executing VM operation: HandshakeAllThreads
Event: 2.984 Executing VM operation: HandshakeAllThreads done

Events (20 events):
Event: 2.773 Thread 0x0000023c7b2a5dc0 Thread added: 0x0000023c7b2a5dc0
Event: 2.811 loading class java/lang/invoke/SerializedLambda
Event: 2.811 loading class java/lang/invoke/SerializedLambda done
Event: 2.817 loading class java/lang/reflect/AnnotatedType
Event: 2.817 loading class java/lang/reflect/AnnotatedType done
Event: 2.820 loading class sun/reflect/misc/ReflectUtil
Event: 2.820 loading class sun/reflect/misc/ReflectUtil done
Event: 2.823 loading class java/lang/Class$EnclosingMethodInfo
Event: 2.823 loading class java/lang/Class$EnclosingMethodInfo done
Event: 2.824 loading class sun/reflect/generics/tree/IntSignature
Event: 2.824 loading class sun/reflect/generics/tree/IntSignature done
Event: 2.825 loading class sun/reflect/generics/tree/ArrayTypeSignature
Event: 2.825 loading class sun/reflect/generics/tree/ArrayTypeSignature done
Event: 2.827 loading class java/lang/SafeVarargs
Event: 2.827 loading class java/lang/SafeVarargs done
Event: 2.833 loading class java/util/regex/Pattern$GroupCurly
Event: 2.833 loading class java/util/regex/Pattern$GroupCurly done
Event: 2.861 loading class jdk/internal/reflect/UnsafeStaticIntegerFieldAccessorImpl
Event: 2.861 loading class jdk/internal/reflect/UnsafeStaticIntegerFieldAccessorImpl done
Event: 2.913 Thread 0x0000023c7b2a2610 Thread added: 0x0000023c7b2a2610


Dynamic libraries:
0x00007ff711310000 - 0x00007ff71131a000 	C:\Program Files\Android\Android Studio2\jbr\bin\java.exe
0x00007ffba23f0000 - 0x00007ffba2607000 	C:\windows\SYSTEM32\ntdll.dll
0x00007ffba1c70000 - 0x00007ffba1d34000 	C:\windows\System32\KERNEL32.DLL
0x00007ffb9fb90000 - 0x00007ffb9ff49000 	C:\windows\System32\KERNELBASE.dll
0x00007ffb9fff0000 - 0x00007ffba0101000 	C:\windows\System32\ucrtbase.dll
0x00007ffb264d0000 - 0x00007ffb264e7000 	C:\Program Files\Android\Android Studio2\jbr\bin\jli.dll
0x00007ffba14d0000 - 0x00007ffba167e000 	C:\windows\System32\USER32.dll
0x00007ffb97120000 - 0x00007ffb9713b000 	C:\Program Files\Android\Android Studio2\jbr\bin\VCRUNTIME140.dll
0x00007ffb9f8d0000 - 0x00007ffb9f8f6000 	C:\windows\System32\win32u.dll
0x00007ffb9e920000 - 0x00007ffb9ebb2000 	C:\windows\WinSxS\amd64_microsoft.windows.common-controls_6595b64144ccf1df_6.0.22621.4391_none_2715d37f73803e96\COMCTL32.dll
0x00007ffba2040000 - 0x00007ffba2069000 	C:\windows\System32\GDI32.dll
0x00007ffba1d40000 - 0x00007ffba1de7000 	C:\windows\System32\msvcrt.dll
0x00007ffb9f7b0000 - 0x00007ffb9f8cb000 	C:\windows\System32\gdi32full.dll
0x00007ffb9ff50000 - 0x00007ffb9ffea000 	C:\windows\System32\msvcp_win.dll
0x00007ffba0fd0000 - 0x00007ffba1001000 	C:\windows\System32\IMM32.DLL
0x00007ffb7f150000 - 0x00007ffb7f15c000 	C:\Program Files\Android\Android Studio2\jbr\bin\vcruntime140_1.dll
0x00007ffb71590000 - 0x00007ffb7161d000 	C:\Program Files\Android\Android Studio2\jbr\bin\msvcp140.dll
0x00007ffb26860000 - 0x00007ffb274e3000 	C:\Program Files\Android\Android Studio2\jbr\bin\server\jvm.dll
0x00007ffba1070000 - 0x00007ffba1122000 	C:\windows\System32\ADVAPI32.dll
0x00007ffba2200000 - 0x00007ffba22a7000 	C:\windows\System32\sechost.dll
0x00007ffb9fa70000 - 0x00007ffb9fa98000 	C:\windows\System32\bcrypt.dll
0x00007ffba20e0000 - 0x00007ffba21f4000 	C:\windows\System32\RPCRT4.dll
0x00007ffb9f000000 - 0x00007ffb9f04d000 	C:\windows\SYSTEM32\POWRPROF.dll
0x00007ffb97260000 - 0x00007ffb97294000 	C:\windows\SYSTEM32\WINMM.dll
0x00007ffb89950000 - 0x00007ffb89959000 	C:\windows\SYSTEM32\WSOCK32.dll
0x00007ffb8ada0000 - 0x00007ffb8adaa000 	C:\windows\SYSTEM32\VERSION.dll
0x00007ffba1b20000 - 0x00007ffba1b91000 	C:\windows\System32\WS2_32.dll
0x00007ffb9ed30000 - 0x00007ffb9ed43000 	C:\windows\SYSTEM32\UMPDC.dll
0x00007ffb9de20000 - 0x00007ffb9de38000 	C:\windows\SYSTEM32\kernel.appcore.dll
0x00007ffb89940000 - 0x00007ffb8994a000 	C:\Program Files\Android\Android Studio2\jbr\bin\jimage.dll
0x00007ffb9f050000 - 0x00007ffb9f282000 	C:\windows\SYSTEM32\DBGHELP.DLL
0x00007ffba1140000 - 0x00007ffba14cf000 	C:\windows\System32\combase.dll
0x00007ffba09a0000 - 0x00007ffba0a77000 	C:\windows\System32\OLEAUT32.dll
0x00007ffb9eef0000 - 0x00007ffb9ef22000 	C:\windows\SYSTEM32\dbgcore.DLL
0x00007ffb9fb10000 - 0x00007ffb9fb8b000 	C:\windows\System32\bcryptPrimitives.dll
0x00007ffb5a580000 - 0x00007ffb5a58e000 	C:\Program Files\Android\Android Studio2\jbr\bin\instrument.dll
0x00007ffb5d580000 - 0x00007ffb5d5a5000 	C:\Program Files\Android\Android Studio2\jbr\bin\java.dll
0x00007ffb5d560000 - 0x00007ffb5d578000 	C:\Program Files\Android\Android Studio2\jbr\bin\zip.dll
0x00007ffba0110000 - 0x00007ffba0986000 	C:\windows\System32\SHELL32.dll
0x00007ffb9cbd0000 - 0x00007ffb9d4d3000 	C:\windows\SYSTEM32\windows.storage.dll
0x00007ffb9ca90000 - 0x00007ffb9cbcf000 	C:\windows\SYSTEM32\wintypes.dll
0x00007ffba22b0000 - 0x00007ffba23a9000 	C:\windows\System32\SHCORE.dll
0x00007ffba0be0000 - 0x00007ffba0c3e000 	C:\windows\System32\shlwapi.dll
0x00007ffb9f620000 - 0x00007ffb9f64b000 	C:\windows\SYSTEM32\profapi.dll
0x00007ffb5d540000 - 0x00007ffb5d559000 	C:\Program Files\Android\Android Studio2\jbr\bin\net.dll
0x00007ffb9a730000 - 0x00007ffb9a866000 	C:\windows\SYSTEM32\WINHTTP.dll
0x00007ffb9e2d0000 - 0x00007ffb9e339000 	C:\windows\system32\mswsock.dll
0x00007ffb5a630000 - 0x00007ffb5a646000 	C:\Program Files\Android\Android Studio2\jbr\bin\nio.dll
0x00007ffb5a590000 - 0x00007ffb5a5a0000 	C:\Program Files\Android\Android Studio2\jbr\bin\verify.dll
0x00007ffb71620000 - 0x00007ffb71647000 	C:\Users\Natan Paulo\.gradle\native\c067742578af261105cb4f569cf0c3c89f3d7b1fecec35dd04571415982c5e48\windows-amd64\native-platform.dll
0x00007ffb2c210000 - 0x00007ffb2c354000 	C:\Users\Natan Paulo\.gradle\native\38dada09dfb8b06ba9b0570ebf7e218e3eb74d4ef43ca46872605cf95ebc2f47\windows-amd64\native-platform-file-events.dll
0x00007ffb5d530000 - 0x00007ffb5d539000 	C:\Program Files\Android\Android Studio2\jbr\bin\management.dll
0x00007ffb5bd90000 - 0x00007ffb5bd9b000 	C:\Program Files\Android\Android Studio2\jbr\bin\management_ext.dll
0x00007ffba0990000 - 0x00007ffba0998000 	C:\windows\System32\PSAPI.DLL
0x00007ffb9f390000 - 0x00007ffb9f3ab000 	C:\windows\SYSTEM32\CRYPTSP.dll
0x00007ffb9e040000 - 0x00007ffb9e075000 	C:\windows\system32\rsaenh.dll
0x00007ffb9e3e0000 - 0x00007ffb9e408000 	C:\windows\SYSTEM32\USERENV.dll
0x00007ffb9e6b0000 - 0x00007ffb9e6bc000 	C:\windows\SYSTEM32\CRYPTBASE.dll
0x00007ffb9d8f0000 - 0x00007ffb9d91d000 	C:\windows\SYSTEM32\IPHLPAPI.DLL
0x00007ffba1b00000 - 0x00007ffba1b09000 	C:\windows\System32\NSI.dll
0x00007ffb989a0000 - 0x00007ffb989b9000 	C:\windows\SYSTEM32\dhcpcsvc6.DLL
0x00007ffb98980000 - 0x00007ffb9899f000 	C:\windows\SYSTEM32\dhcpcsvc.DLL
0x00007ffb9d970000 - 0x00007ffb9da72000 	C:\windows\SYSTEM32\DNSAPI.dll
0x00007ffb82fd0000 - 0x00007ffb82fd9000 	C:\Program Files\Android\Android Studio2\jbr\bin\extnet.dll
0x00007ffb9ef30000 - 0x00007ffb9ef38000 	C:\windows\system32\wshunix.dll

dbghelp: loaded successfully - version: 4.0.5 - missing functions: none
symbol engine: initialized successfully - sym options: 0x614 - pdb path: .;C:\Program Files\Android\Android Studio2\jbr\bin;C:\windows\SYSTEM32;C:\windows\WinSxS\amd64_microsoft.windows.common-controls_6595b64144ccf1df_6.0.22621.4391_none_2715d37f73803e96;C:\Program Files\Android\Android Studio2\jbr\bin\server;C:\Users\Natan Paulo\.gradle\native\c067742578af261105cb4f569cf0c3c89f3d7b1fecec35dd04571415982c5e48\windows-amd64;C:\Users\Natan Paulo\.gradle\native\38dada09dfb8b06ba9b0570ebf7e218e3eb74d4ef43ca46872605cf95ebc2f47\windows-amd64

VM Arguments:
jvm_args: --add-opens=java.base/java.util=ALL-UNNAMED --add-opens=java.base/java.lang=ALL-UNNAMED --add-opens=java.base/java.lang.invoke=ALL-UNNAMED --add-opens=java.prefs/java.util.prefs=ALL-UNNAMED --add-opens=java.base/java.nio.charset=ALL-UNNAMED --add-opens=java.base/java.net=ALL-UNNAMED --add-opens=java.base/java.util.concurrent.atomic=ALL-UNNAMED -Xmx2048m -Dfile.encoding=UTF-8 -Duser.country=BR -Duser.language=pt -Duser.variant -javaagent:C:\Users\Natan Paulo\.gradle\wrapper\dists\gradle-8.7-bin\bhs2wmbdwecv87pi65oeuq5iu\gradle-8.7\lib\agents\gradle-instrumentation-agent-8.7.jar 
java_command: org.gradle.launcher.daemon.bootstrap.GradleDaemon 8.7
java_class_path (initial): C:\Users\Natan Paulo\.gradle\wrapper\dists\gradle-8.7-bin\bhs2wmbdwecv87pi65oeuq5iu\gradle-8.7\lib\gradle-launcher-8.7.jar
Launcher Type: SUN_STANDARD

[Global flags]
     intx CICompilerCount                          = 4                                         {product} {ergonomic}
     uint ConcGCThreads                            = 3                                         {product} {ergonomic}
     uint G1ConcRefinementThreads                  = 10                                        {product} {ergonomic}
   size_t G1HeapRegionSize                         = 1048576                                   {product} {ergonomic}
    uintx GCDrainStackTargetSize                   = 64                                        {product} {ergonomic}
   size_t InitialHeapSize                          = 532676608                                 {product} {ergonomic}
   size_t MarkStackSize                            = 4194304                                   {product} {ergonomic}
   size_t MaxHeapSize                              = 2147483648                                {product} {command line}
   size_t MaxNewSize                               = 1287651328                                {product} {ergonomic}
   size_t MinHeapDeltaBytes                        = 1048576                                   {product} {ergonomic}
   size_t MinHeapSize                              = 8388608                                   {product} {ergonomic}
    uintx NonNMethodCodeHeapSize                   = 5839372                                {pd product} {ergonomic}
    uintx NonProfiledCodeHeapSize                  = 122909434                              {pd product} {ergonomic}
    uintx ProfiledCodeHeapSize                     = 122909434                              {pd product} {ergonomic}
    uintx ReservedCodeCacheSize                    = 251658240                              {pd product} {ergonomic}
     bool SegmentedCodeCache                       = true                                      {product} {ergonomic}
   size_t SoftMaxHeapSize                          = 2147483648                             {manageable} {ergonomic}
     bool UseCompressedClassPointers               = true                           {product lp64_product} {ergonomic}
     bool UseCompressedOops                        = true                           {product lp64_product} {ergonomic}
     bool UseG1GC                                  = true                                      {product} {ergonomic}
     bool UseLargePagesIndividualAllocation        = false                                  {pd product} {ergonomic}

Logging:
Log output configuration:
 #0: stdout all=warning uptime,level,tags
 #1: stderr all=off uptime,level,tags

Environment Variables:
PATH=C:\Program Files\Eclipse Adoptium\jdk-11.0.22.7-hotspot\bin;C:\windows\system32;C:\windows;C:\windows\System32\Wbem;C:\windows\System32\WindowsPowerShell\v1.0\;C:\windows\System32\OpenSSH\;C:\Program Files\Git\cmd;C:\Program Files\nodejs\;C:\Program Files\dotnet\;C:\Program Files\MySQL\MySQL Shell 8.0\bin\;C:\Users\Natan Paulo\AppData\Local\Microsoft\WindowsApps;C:\Users\Natan Paulo\AppData\Local\Programs\Microsoft VS Code\bin;C:\Users\Natan Paulo\AppData\Local\GitHubDesktop\bin;C:\Users\Natan Paulo\AppData\Roaming\npm
USERNAME=Natan Paulo
OS=Windows_NT
PROCESSOR_IDENTIFIER=Intel64 Family 6 Model 154 Stepping 4, GenuineIntel
TMP=C:\Users\NATANP~1\AppData\Local\Temp
TEMP=C:\Users\NATANP~1\AppData\Local\Temp



Periodic native trim disabled

JNI global refs:
JNI global refs: 25, weak refs: 0

JNI global refs memory usage: 843, weak refs: 841

Process memory usage:
Resident Set Size: 215936K (0% of 33248584K total physical memory with 14717388K free physical memory)

OOME stack traces (most recent first):
Classloader memory used:
Loader bootstrap                                                                       : 1939K
Loader org.gradle.internal.classloader.VisitableURLClassLoader                         : 1839K
Loader org.gradle.initialization.MixInLegacyTypesClassLoader                           : 424K
Loader jdk.internal.loader.ClassLoaders$AppClassLoader                                 : 28433B
Loader jdk.internal.loader.ClassLoaders$PlatformClassLoader                            : 16554B
Loader jdk.internal.reflect.DelegatingClassLoader                                      : 3463B

Classes loaded by more than one classloader:
Class org.gradle.internal.installation.GradleInstallation                             : loaded 2 times (x 73B)
Class org.gradle.internal.classpath.ClassPath                                         : loaded 2 times (x 68B)
Class org.gradle.api.internal.classpath.DefaultModuleRegistry                         : loaded 2 times (x 84B)
Class org.gradle.api.Action                                                           : loaded 2 times (x 68B)
Class org.gradle.api.internal.DefaultClassPathProvider                                : loaded 2 times (x 74B)
Class org.gradle.internal.installation.GradleInstallation$1                           : loaded 2 times (x 73B)
Class org.gradle.internal.classloader.FilteringClassLoader                            : loaded 2 times (x 103B)
Class org.gradle.internal.classpath.DefaultClassPath$ImmutableUniqueList$Builder      : loaded 2 times (x 73B)
Class org.gradle.internal.classloader.ClassLoaderVisitor                              : loaded 2 times (x 74B)
Class org.gradle.internal.service.DefaultServiceLocator                               : loaded 2 times (x 81B)
Class org.gradle.internal.service.UnknownServiceException                             : loaded 2 times (x 81B)
Class org.gradle.internal.classloader.DefaultClassLoaderFactory                       : loaded 2 times (x 80B)
Class org.gradle.internal.classloader.VisitableURLClassLoader$Spec                    : loaded 2 times (x 72B)
Class org.gradle.api.GradleException                                                  : loaded 2 times (x 80B)
Class org.gradle.api.internal.classpath.ModuleRegistry                                : loaded 2 times (x 68B)
Class org.gradle.api.internal.ClassPathProvider                                       : loaded 2 times (x 68B)
Class org.gradle.internal.classloader.ClasspathUtil$1                                 : loaded 2 times (x 74B)
Class org.gradle.internal.classloader.ClassLoaderFactory                              : loaded 2 times (x 68B)
Class org.gradle.api.internal.classpath.ManifestUtil                                  : loaded 2 times (x 69B)
Class org.gradle.api.specs.Spec                                                       : loaded 2 times (x 68B)
Class org.gradle.internal.IoActions                                                   : loaded 2 times (x 69B)
Class org.gradle.api.internal.classpath.EffectiveClassPath                            : loaded 2 times (x 88B)
Class org.gradle.internal.installation.CurrentGradleInstallation                      : loaded 2 times (x 71B)
Class org.gradle.internal.agents.InstrumentingClassLoader                             : loaded 2 times (x 68B)
Class org.gradle.internal.installation.CurrentGradleInstallationLocator               : loaded 2 times (x 69B)
Class org.gradle.api.internal.classpath.Module                                        : loaded 2 times (x 68B)
Class org.gradle.internal.service.CachingServiceLocator                               : loaded 2 times (x 80B)
Class org.gradle.internal.classpath.DefaultClassPath                                  : loaded 2 times (x 88B)
Class org.gradle.internal.classloader.SystemClassLoaderSpec                           : loaded 2 times (x 69B)
Class org.gradle.api.UncheckedIOException                                             : loaded 2 times (x 80B)
Class org.gradle.internal.classloader.ClasspathUtil                                   : loaded 2 times (x 69B)
Class org.gradle.api.internal.DefaultClassPathRegistry                                : loaded 2 times (x 74B)
Class org.gradle.api.internal.classpath.DefaultModuleRegistry$DefaultModule           : loaded 2 times (x 84B)
Class org.gradle.api.internal.classpath.UnknownModuleException                        : loaded 2 times (x 80B)
Class org.gradle.internal.service.ServiceLookupException                              : loaded 2 times (x 80B)
Class org.gradle.cache.GlobalCache                                                    : loaded 2 times (x 68B)
Class [Lorg.gradle.api.internal.ClassPathProvider;                                    : loaded 2 times (x 67B)
Class org.gradle.util.internal.GUtil                                                  : loaded 2 times (x 69B)
Class org.gradle.internal.classloader.ClassLoaderSpec                                 : loaded 2 times (x 69B)
Class org.gradle.internal.classloader.VisitableURLClassLoader                         : loaded 2 times (x 115B)
Class org.gradle.internal.Cast                                                        : loaded 2 times (x 69B)
Class org.gradle.api.internal.ClassPathRegistry                                       : loaded 2 times (x 68B)
Class org.gradle.internal.classloader.VisitableURLClassLoader$InstrumentingVisitableURLClassLoader: loaded 2 times (x 121B)
Class org.gradle.internal.classloader.ClassLoaderHierarchy                            : loaded 2 times (x 68B)
Class org.gradle.internal.InternalTransformer                                         : loaded 2 times (x 68B)
Class org.gradle.internal.service.ServiceLocator                                      : loaded 2 times (x 68B)
Class org.gradle.internal.classpath.DefaultClassPath$ImmutableUniqueList              : loaded 2 times (x 159B)
Class org.gradle.internal.classpath.TransformedClassPath                              : loaded 2 times (x 94B)


---------------  S Y S T E M  ---------------

OS:
 Windows 11 , 64 bit Build 22621 (10.0.22621.4391)
OS uptime: 0 days 0:47 hours
Hyper-V role detected

CPU: total 12 (initial active 12) (6 cores per cpu, 2 threads per core) family 6 model 154 stepping 4 microcode 0x423, cx8, cmov, fxsr, ht, mmx, 3dnowpref, sse, sse2, sse3, ssse3, sse4.1, sse4.2, popcnt, lzcnt, tsc, tscinvbit, avx, avx2, aes, erms, clmul, bmi1, bmi2, adx, sha, fma, vzeroupper, clflush, clflushopt, clwb, hv
Processor Information for processor 0
  Max Mhz: 1300, Current Mhz: 1300, Mhz Limit: 1300
Processor Information for processor 1
  Max Mhz: 1300, Current Mhz: 1300, Mhz Limit: 1300
Processor Information for processor 2
  Max Mhz: 1300, Current Mhz: 1300, Mhz Limit: 1300
Processor Information for processor 3
  Max Mhz: 1300, Current Mhz: 1300, Mhz Limit: 1300
Processor Information for processor 4
  Max Mhz: 1300, Current Mhz: 900, Mhz Limit: 897
Processor Information for processor 5
  Max Mhz: 1300, Current Mhz: 900, Mhz Limit: 897
Processor Information for processor 6
  Max Mhz: 1300, Current Mhz: 900, Mhz Limit: 897
Processor Information for processor 7
  Max Mhz: 1300, Current Mhz: 900, Mhz Limit: 897
Processor Information for processor 8
  Max Mhz: 1300, Current Mhz: 900, Mhz Limit: 897
Processor Information for processor 9
  Max Mhz: 1300, Current Mhz: 900, Mhz Limit: 897
Processor Information for processor 10
  Max Mhz: 1300, Current Mhz: 900, Mhz Limit: 897
Processor Information for processor 11
  Max Mhz: 1300, Current Mhz: 900, Mhz Limit: 897

Memory: 4k page, system-wide physical 32469M (14372M free)
TotalPageFile size 34517M (AvailPageFile size 16193M)
current process WorkingSet (physical memory assigned to process): 211M, peak: 213M
current process commit charge ("private bytes"): 256M, peak: 668M

vm_info: OpenJDK 64-Bit Server VM (17.0.11+0--11852314) for windows-amd64 JRE (17.0.11+0--11852314), built on May 16 2024 21:29:20 by "androidbuild" with MS VC++ 16.10 / 16.11 (VS2019)

END.
